  ABC for TSP.cpp
C:\Users\ImDea\OneDrive\Pulpit\Github\ProgramowanieGrafiki\ABC-for-TSP\ABC for TSP.cpp(126,23): warning C4018: "<": niezgodność typu ze znakiem/bez znaku
C:\Users\ImDea\OneDrive\Pulpit\Github\ProgramowanieGrafiki\ABC-for-TSP\ABC for TSP.cpp(131,23): warning C4018: "<": niezgodność typu ze znakiem/bez znaku
C:\Users\ImDea\OneDrive\Pulpit\Github\ProgramowanieGrafiki\ABC-for-TSP\ABC for TSP.cpp(132,27): warning C4018: "<": niezgodność typu ze znakiem/bez znaku
C:\Users\ImDea\OneDrive\Pulpit\Github\ProgramowanieGrafiki\ABC-for-TSP\ABC for TSP.cpp(163,23): warning C4018: "<": niezgodność typu ze znakiem/bez znaku
C:\Users\ImDea\OneDrive\Pulpit\Github\ProgramowanieGrafiki\ABC-for-TSP\ABC for TSP.cpp(182,27): warning C4018: "<": niezgodność typu ze znakiem/bez znaku
C:\Users\ImDea\OneDrive\Pulpit\Github\ProgramowanieGrafiki\ABC-for-TSP\ABC for TSP.cpp(210,16): warning C4244: "inicjowanie": konwersja z "float" do "int", możliwa utrata danych
C:\Users\ImDea\OneDrive\Pulpit\Github\ProgramowanieGrafiki\ABC-for-TSP\ABC for TSP.cpp(212,23): warning C4244: "inicjowanie": konwersja z "_Rep" do "unsigned int", możliwa utrata danych
          with
          [
              _Rep=std::chrono::system_clock::rep
          ]
C:\Users\ImDea\OneDrive\Pulpit\Github\ProgramowanieGrafiki\ABC-for-TSP\ABC for TSP.cpp(276,19): warning C4244: "inicjowanie": konwersja z "_Rep" do "unsigned int", możliwa utrata danych
          with
          [
              _Rep=std::chrono::system_clock::rep
          ]
C:\Users\ImDea\OneDrive\Pulpit\Github\ProgramowanieGrafiki\ABC-for-TSP\ABC for TSP.cpp(327,46): warning C4244: "=": konwersja z "double" do "float", możliwa utrata danych
C:\Users\ImDea\OneDrive\Pulpit\Github\ProgramowanieGrafiki\ABC-for-TSP\ABC for TSP.cpp(334,85): warning C4244: "argument": konwersja z "int" do "const _Ty", możliwa utrata danych
          with
          [
              _Ty=float
          ]
C:\Users\ImDea\OneDrive\Pulpit\Github\ProgramowanieGrafiki\ABC-for-TSP\ABC for TSP.cpp(335,96): warning C4244: "argument": konwersja z "double" do "const _Ty", możliwa utrata danych
          with
          [
              _Ty=float
          ]
C:\Users\ImDea\OneDrive\Pulpit\Github\ProgramowanieGrafiki\ABC-for-TSP\ABC for TSP.cpp(351,21): warning C4244: "inicjowanie": konwersja z "_Ty" do "int", możliwa utrata danych
          with
          [
              _Ty=float
          ]
C:\Users\ImDea\OneDrive\Pulpit\Github\ProgramowanieGrafiki\ABC-for-TSP\ABC for TSP.cpp(391,36): warning C4244: "=": konwersja z "double" do "float", możliwa utrata danych
  ABC for TSP.vcxproj -> C:\Users\ImDea\OneDrive\Pulpit\Github\ProgramowanieGrafiki\ABC-for-TSP\Debug\ABC for TSP.exe
